0 info it worked if it ends with ok
1 verbose cli [ 'node',
1 verbose cli   '/usr/local/bin/npm',
1 verbose cli   'install',
1 verbose cli   '--save',
1 verbose cli   'Facebook-strategy' ]
2 info using npm@1.4.28
3 info using node@v0.10.35
4 verbose readDependencies using package.json deps
5 verbose cache add [ 'Facebook-strategy', null ]
6 verbose cache add name=undefined spec="Facebook-strategy" args=["Facebook-strategy",null]
7 verbose parsed url { protocol: null,
7 verbose parsed url   slashes: null,
7 verbose parsed url   auth: null,
7 verbose parsed url   host: null,
7 verbose parsed url   port: null,
7 verbose parsed url   hostname: null,
7 verbose parsed url   hash: null,
7 verbose parsed url   search: null,
7 verbose parsed url   query: null,
7 verbose parsed url   pathname: 'Facebook-strategy',
7 verbose parsed url   path: 'Facebook-strategy',
7 verbose parsed url   href: 'Facebook-strategy' }
8 silly lockFile 430fcbd5-Facebook-strategy Facebook-strategy
9 verbose lock Facebook-strategy /Users/Schw2iizer/.npm/430fcbd5-Facebook-strategy.lock
10 silly lockFile 430fcbd5-Facebook-strategy Facebook-strategy
11 silly lockFile 430fcbd5-Facebook-strategy Facebook-strategy
12 verbose addNamed [ 'Facebook-strategy', '' ]
13 verbose addNamed [ null, '*' ]
14 silly lockFile dc46cdb9-Facebook-strategy Facebook-strategy@
15 verbose lock Facebook-strategy@ /Users/Schw2iizer/.npm/dc46cdb9-Facebook-strategy.lock
16 silly addNameRange { name: 'Facebook-strategy', range: '*', hasData: false }
17 verbose request where is /Facebook-strategy
18 verbose request registry https://registry.npmjs.org/
19 verbose request id 871c2dddff6d3c57
20 verbose url raw /Facebook-strategy
21 verbose url resolving [ 'https://registry.npmjs.org/', './Facebook-strategy' ]
22 verbose url resolved https://registry.npmjs.org/Facebook-strategy
23 verbose request where is https://registry.npmjs.org/Facebook-strategy
24 info trying registry request attempt 1 at 12:13:37
25 http GET https://registry.npmjs.org/Facebook-strategy
26 http 404 https://registry.npmjs.org/Facebook-strategy
27 verbose headers { date: 'Wed, 11 Feb 2015 19:13:37 GMT',
27 verbose headers   server: 'CouchDB/1.5.0 (Erlang OTP/R16B03)',
27 verbose headers   'content-type': 'application/json',
27 verbose headers   'cache-control': 'max-age=0',
27 verbose headers   'content-length': '52',
27 verbose headers   'accept-ranges': 'bytes',
27 verbose headers   via: '1.1 varnish',
27 verbose headers   age: '0',
27 verbose headers   'x-served-by': 'cache-dfw1831-DFW',
27 verbose headers   'x-cache': 'MISS',
27 verbose headers   'x-cache-hits': '0',
27 verbose headers   'x-timer': 'S1423682017.376875,VS0,VE70',
27 verbose headers   'keep-alive': 'timeout=10, max=50',
27 verbose headers   connection: 'Keep-Alive' }
28 silly registry.get cb [ 404,
28 silly registry.get   { date: 'Wed, 11 Feb 2015 19:13:37 GMT',
28 silly registry.get     server: 'CouchDB/1.5.0 (Erlang OTP/R16B03)',
28 silly registry.get     'content-type': 'application/json',
28 silly registry.get     'cache-control': 'max-age=0',
28 silly registry.get     'content-length': '52',
28 silly registry.get     'accept-ranges': 'bytes',
28 silly registry.get     via: '1.1 varnish',
28 silly registry.get     age: '0',
28 silly registry.get     'x-served-by': 'cache-dfw1831-DFW',
28 silly registry.get     'x-cache': 'MISS',
28 silly registry.get     'x-cache-hits': '0',
28 silly registry.get     'x-timer': 'S1423682017.376875,VS0,VE70',
28 silly registry.get     'keep-alive': 'timeout=10, max=50',
28 silly registry.get     connection: 'Keep-Alive' } ]
29 silly lockFile dc46cdb9-Facebook-strategy Facebook-strategy@
30 silly lockFile dc46cdb9-Facebook-strategy Facebook-strategy@
31 error 404 404 Not Found: Facebook-strategy
31 error 404
31 error 404 'Facebook-strategy' is not in the npm registry.
31 error 404 You should bug the author to publish it
31 error 404 It was specified as a dependency of 'FacebookViewer'
31 error 404
31 error 404 Note that you can also install from a
31 error 404 tarball, folder, or http url, or git url.
32 error System Darwin 14.1.0
33 error command "node" "/usr/local/bin/npm" "install" "--save" "Facebook-strategy"
34 error cwd /Users/Schw2iizer/DevMountain/FacebookViewer
35 error node -v v0.10.35
36 error npm -v 1.4.28
37 error code E404
38 verbose exit [ 1, true ]
